<?xml version="1.0" encoding="UTF-8"?>
<!-- Generated by org.testng.reporters.JUnitReportReporter -->
<testsuite hostname="DESKTOP-TOBJVKK" failures="0" tests="1" name="CucumberOptions.TestNGRunner" time="8.516" errors="0" timestamp="2024-10-02T10:35:34 IST" skipped="0">
  <testcase classname="CucumberOptions.TestNGRunner" name="runScenario" time="8.516"/>
</testsuite> <!-- CucumberOptions.TestNGRunner -->
