<?xml version="1.0" encoding="UTF-8"?>
<!-- Generated by org.testng.reporters.JUnitReportReporter -->
<testsuite hostname="DESKTOP-TOBJVKK" failures="0" tests="1" name="CucumberOptions.TestNGRunner" time="9.070" errors="0" timestamp="2024-10-02T11:21:18 IST" skipped="0">
  <testcase classname="CucumberOptions.TestNGRunner" name="runScenario" time="9.070"/>
</testsuite> <!-- CucumberOptions.TestNGRunner -->
